Arguments: 
  /usr/local/bin/node /usr/local/Cellar/yarn/1.22.10/libexec/bin/yarn.js add google_sign_in

PATH: 
  /YOUR_PATH_TO/android-sdk/tools:/YOUR_PATH_TO/android-sdk/platform-tools:/usr/local/bin:/usr/bin:/bin:/usr/sbin:/sbin:/Library/Apple/usr/bin:/YOUR_PATH_TO/android-sdk/tools:/YOUR_PATH_TO/android-sdk/platform-tools:/Users/sunil.kim/library/android/sdk/tools:/Users/sunil.kim/library/android/sdk/platform-tools:/emulator:/tools:/tools/bin:/platform-toolexport:/Users/sunil.kim/Documents/flutter/bin:/Users/sunil.kim/library/android/sdk/tools:/usr/local/bin:/usr/bin:/bin:/usr/sbin:/sbin:/Library/Apple/usr/bin:/YOUR_PATH_TO/android-sdk/tools:/YOUR_PATH_TO/android-sdk/platform-tools:/Users/sunil.kim/library/android/sdk/tools:/Users/sunil.kim/library/android/sdk/platform-tools:/emulator:/tools:/tools/bin:/platform-toolexport:/Users/sunil.kim/Documents/flutter/bin:/Users/sunil.kim/library/android/sdk/platform-tools:/YOUR_PATH_TO/android-sdk/emulator:/YOUR_PATH_TO/android-sdk/tools:/YOUR_PATH_TO/android-sdk/tools/bin:/YOUR_PATH_TO/android-sdk/platform-toolexport:/Users/sunil.kim/Documents/flutter/bin

Yarn version: 
  1.22.10

Node version: 
  14.15.0

Platform: 
  darwin x64

Trace: 
  Error: https://registry.yarnpkg.com/google_sign_in: Not found
      at Request.params.callback [as _callback] (/usr/local/Cellar/yarn/1.22.10/libexec/lib/cli.js:66988:18)
      at Request.self.callback (/usr/local/Cellar/yarn/1.22.10/libexec/lib/cli.js:140749:22)
      at Request.emit (events.js:315:20)
      at Request.<anonymous> (/usr/local/Cellar/yarn/1.22.10/libexec/lib/cli.js:141721:10)
      at Request.emit (events.js:315:20)
      at IncomingMessage.<anonymous> (/usr/local/Cellar/yarn/1.22.10/libexec/lib/cli.js:141643:12)
      at Object.onceWrapper (events.js:421:28)
      at IncomingMessage.emit (events.js:327:22)
      at endReadableNT (_stream_readable.js:1327:12)
      at processTicksAndRejections (internal/process/task_queues.js:80:21)

npm manifest: 
  No manifest

yarn manifest: 
  No manifest

Lockfile: 
  No lockfile
